<?xml version="1.0" encoding="UTF-8"?>
<coverage generated="1732379935820" clover="3.2.0">
  <project timestamp="1732379935821" name="All files">
    <metrics statements="3" coveredstatements="3" conditionals="0" coveredconditionals="0" methods="0" coveredmethods="0" elements="3" coveredelements="3" complexity="0" loc="3" ncloc="3" packages="1" files="1" classes="1"/>
    <file name="Invoice.js" path="C:\Users\Vid Kotnik\Desktop\UNI\rirs\solo_labs\backend\src\models\Invoice.js">
      <metrics statements="3" coveredstatements="3" conditionals="0" coveredconditionals="0" methods="0" coveredmethods="0"/>
      <line num="1" count="1" type="stmt"/>
      <line num="3" count="1" type="stmt"/>
      <line num="38" count="1" type="stmt"/>
    </file>
  </project>
</coverage>
