{"C:\\Users\\Vid Kotnik\\Desktop\\UNI\\rirs\\solo_labs\\backend\\src\\models\\Invoice.js": {"path":"C:\\Users\\Vid Kotnik\\Desktop\\UNI\\rirs\\solo_labs\\backend\\src\\models\\Invoice.js","statementMap":{"0":{"start":{"line":1,"column":17},"end":{"line":1,"column":36}},"1":{"start":{"line":3,"column":22},"end":{"line":36,"column":2}},"2":{"start":{"line":38,"column":0},"end":{"line":38,"column":62}}},"fnMap":{},"branchMap":{},"s":{"0":1,"1":1,"2":1},"f":{},"b":{},"_coverageSchema":"1a1c01bbd47fc00a2c39e90264f33305004495a9","hash":"7bc97379d8a72cdb3b357dd897d727e228ae2ca0"}
}
