{"C:\\Users\\Vid Kotnik\\Desktop\\UNI\\rirs\\solo_labs\\backend\\src\\models\\Invoice.js": {"path":"C:\\Users\\Vid Kotnik\\Desktop\\UNI\\rirs\\solo_labs\\backend\\src\\models\\Invoice.js","statementMap":{"0":{"start":{"line":1,"column":17},"end":{"line":1,"column":36}},"1":{"start":{"line":3,"column":22},"end":{"line":36,"column":2}},"2":{"start":{"line":38,"column":0},"end":{"line":38,"column":62}}},"fnMap":{},"branchMap":{},"s":{"0":2,"1":2,"2":2},"f":{},"b":{},"_coverageSchema":"1a1c01bbd47fc00a2c39e90264f33305004495a9","hash":"7bc97379d8a72cdb3b357dd897d727e228ae2ca0"}
,"C:\\Users\\Vid Kotnik\\Desktop\\UNI\\rirs\\solo_labs\\backend\\src\\routes\\invoiceRoutes.mjs": {"path":"C:\\Users\\Vid Kotnik\\Desktop\\UNI\\rirs\\solo_labs\\backend\\src\\routes\\invoiceRoutes.mjs","statementMap":{"0":{"start":{"line":1,"column":16},"end":{"line":1,"column":34}},"1":{"start":{"line":2,"column":16},"end":{"line":2,"column":47}},"2":{"start":{"line":4,"column":15},"end":{"line":4,"column":31}},"3":{"start":{"line":7,"column":0},"end":{"line":29,"column":3}},"4":{"start":{"line":8,"column":1},"end":{"line":28,"column":2}},"5":{"start":{"line":9,"column":12},"end":{"line":9,"column":20}},"6":{"start":{"line":11,"column":18},"end":{"line":20,"column":4}},"7":{"start":{"line":22,"column":19},"end":{"line":22,"column":39}},"8":{"start":{"line":25,"column":2},"end":{"line":25,"column":21}},"9":{"start":{"line":27,"column":2},"end":{"line":27,"column":49}},"10":{"start":{"line":32,"column":0},"end":{"line":56,"column":3}},"11":{"start":{"line":33,"column":1},"end":{"line":55,"column":2}},"12":{"start":{"line":34,"column":15},"end":{"line":34,"column":23}},"13":{"start":{"line":36,"column":19},"end":{"line":48,"column":3}},"14":{"start":{"line":38,"column":4},"end":{"line":47,"column":6}},"15":{"start":{"line":50,"column":19},"end":{"line":50,"column":53}},"16":{"start":{"line":51,"column":2},"end":{"line":51,"column":21}},"17":{"start":{"line":53,"column":8},"end":{"line":53,"column":29}},"18":{"start":{"line":54,"column":2},"end":{"line":54,"column":49}},"19":{"start":{"line":59,"column":0},"end":{"line":66,"column":3}},"20":{"start":{"line":60,"column":1},"end":{"line":65,"column":2}},"21":{"start":{"line":61,"column":19},"end":{"line":61,"column":61}},"22":{"start":{"line":62,"column":2},"end":{"line":62,"column":21}},"23":{"start":{"line":64,"column":2},"end":{"line":64,"column":49}},"24":{"start":{"line":69,"column":0},"end":{"line":86,"column":3}},"25":{"start":{"line":70,"column":1},"end":{"line":85,"column":2}},"26":{"start":{"line":71,"column":19},"end":{"line":71,"column":61}},"27":{"start":{"line":73,"column":21},"end":{"line":73,"column":46}},"28":{"start":{"line":75,"column":22},"end":{"line":75,"column":47}},"29":{"start":{"line":76,"column":14},"end":{"line":76,"column":15}},"30":{"start":{"line":78,"column":2},"end":{"line":78,"column":66}},"31":{"start":{"line":78,"column":38},"end":{"line":78,"column":66}},"32":{"start":{"line":80,"column":15},"end":{"line":80,"column":67}},"33":{"start":{"line":81,"column":2},"end":{"line":81,"column":17}},"34":{"start":{"line":83,"column":8},"end":{"line":83,"column":29}},"35":{"start":{"line":84,"column":2},"end":{"line":84,"column":49}},"36":{"start":{"line":89,"column":0},"end":{"line":100,"column":3}},"37":{"start":{"line":90,"column":16},"end":{"line":90,"column":26}},"38":{"start":{"line":92,"column":4},"end":{"line":92,"column":51}},"39":{"start":{"line":92,"column":13},"end":{"line":92,"column":51}},"40":{"start":{"line":94,"column":1},"end":{"line":99,"column":2}},"41":{"start":{"line":95,"column":19},"end":{"line":95,"column":54}},"42":{"start":{"line":96,"column":2},"end":{"line":96,"column":67}},"43":{"start":{"line":98,"column":2},"end":{"line":98,"column":49}},"44":{"start":{"line":103,"column":0},"end":{"line":110,"column":3}},"45":{"start":{"line":104,"column":1},"end":{"line":109,"column":2}},"46":{"start":{"line":105,"column":19},"end":{"line":105,"column":61}},"47":{"start":{"line":106,"column":2},"end":{"line":106,"column":43}},"48":{"start":{"line":108,"column":2},"end":{"line":108,"column":49}},"49":{"start":{"line":112,"column":0},"end":{"line":135,"column":3}},"50":{"start":{"line":113,"column":1},"end":{"line":134,"column":2}},"51":{"start":{"line":114,"column":19},"end":{"line":114,"column":61}},"52":{"start":{"line":116,"column":15},"end":{"line":128,"column":3}},"53":{"start":{"line":118,"column":38},"end":{"line":118,"column":59}},"54":{"start":{"line":119,"column":38},"end":{"line":119,"column":59}},"55":{"start":{"line":130,"column":2},"end":{"line":130,"column":17}},"56":{"start":{"line":132,"column":2},"end":{"line":132,"column":23}},"57":{"start":{"line":133,"column":2},"end":{"line":133,"column":49}},"58":{"start":{"line":138,"column":0},"end":{"line":144,"column":3}},"59":{"start":{"line":139,"column":1},"end":{"line":143,"column":2}},"60":{"start":{"line":140,"column":2},"end":{"line":140,"column":18}},"61":{"start":{"line":142,"column":2},"end":{"line":142,"column":49}},"62":{"start":{"line":146,"column":0},"end":{"line":146,"column":24}}},"fnMap":{"0":{"name":"(anonymous_0)","decl":{"start":{"line":7,"column":20},"end":{"line":7,"column":21}},"loc":{"start":{"line":7,"column":40},"end":{"line":29,"column":1}},"line":7},"1":{"name":"(anonymous_1)","decl":{"start":{"line":32,"column":24},"end":{"line":32,"column":25}},"loc":{"start":{"line":32,"column":44},"end":{"line":56,"column":1}},"line":32},"2":{"name":"(anonymous_2)","decl":{"start":{"line":37,"column":3},"end":{"line":37,"column":4}},"loc":{"start":{"line":38,"column":4},"end":{"line":47,"column":6}},"line":38},"3":{"name":"(anonymous_3)","decl":{"start":{"line":59,"column":19},"end":{"line":59,"column":20}},"loc":{"start":{"line":59,"column":39},"end":{"line":66,"column":1}},"line":59},"4":{"name":"(anonymous_4)","decl":{"start":{"line":69,"column":25},"end":{"line":69,"column":26}},"loc":{"start":{"line":69,"column":45},"end":{"line":86,"column":1}},"line":69},"5":{"name":"(anonymous_5)","decl":{"start":{"line":89,"column":29},"end":{"line":89,"column":30}},"loc":{"start":{"line":89,"column":49},"end":{"line":100,"column":1}},"line":89},"6":{"name":"(anonymous_6)","decl":{"start":{"line":103,"column":21},"end":{"line":103,"column":22}},"loc":{"start":{"line":103,"column":41},"end":{"line":110,"column":1}},"line":103},"7":{"name":"(anonymous_7)","decl":{"start":{"line":112,"column":25},"end":{"line":112,"column":26}},"loc":{"start":{"line":112,"column":45},"end":{"line":135,"column":1}},"line":112},"8":{"name":"(anonymous_8)","decl":{"start":{"line":118,"column":33},"end":{"line":118,"column":34}},"loc":{"start":{"line":118,"column":38},"end":{"line":118,"column":59}},"line":118},"9":{"name":"(anonymous_9)","decl":{"start":{"line":119,"column":33},"end":{"line":119,"column":34}},"loc":{"start":{"line":119,"column":38},"end":{"line":119,"column":59}},"line":119},"10":{"name":"(anonymous_10)","decl":{"start":{"line":138,"column":20},"end":{"line":138,"column":21}},"loc":{"start":{"line":138,"column":40},"end":{"line":144,"column":1}},"line":138}},"branchMap":{"0":{"loc":{"start":{"line":78,"column":2},"end":{"line":78,"column":66}},"type":"if","locations":[{"start":{"line":78,"column":2},"end":{"line":78,"column":66}},{"start":{},"end":{}}],"line":78},"1":{"loc":{"start":{"line":92,"column":4},"end":{"line":92,"column":51}},"type":"if","locations":[{"start":{"line":92,"column":4},"end":{"line":92,"column":51}},{"start":{},"end":{}}],"line":92}},"s":{"0":1,"1":1,"2":1,"3":1,"4":0,"5":0,"6":0,"7":0,"8":0,"9":0,"10":1,"11":0,"12":0,"13":0,"14":0,"15":0,"16":0,"17":0,"18":0,"19":1,"20":0,"21":0,"22":0,"23":0,"24":1,"25":0,"26":0,"27":0,"28":0,"29":0,"30":0,"31":0,"32":0,"33":0,"34":0,"35":0,"36":1,"37":0,"38":0,"39":0,"40":0,"41":0,"42":0,"43":0,"44":1,"45":0,"46":0,"47":0,"48":0,"49":1,"50":1,"51":1,"52":1,"53":2,"54":2,"55":1,"56":0,"57":0,"58":1,"59":0,"60":0,"61":0,"62":1},"f":{"0":0,"1":0,"2":0,"3":0,"4":0,"5":0,"6":0,"7":1,"8":2,"9":2,"10":0},"b":{"0":[0,0],"1":[0,0]},"inputSourceMap":null,"_coverageSchema":"1a1c01bbd47fc00a2c39e90264f33305004495a9","hash":"0769de5e815229837cda936da414f15498b2693e"}
}
